6.7797 	DEBUG 	Fullscreen settings ignored as running in pilot mode.
6.7829 	INFO 	Loaded monitor calibration from ['2023_05_01 15:28']
7.0503 	EXP 	Created window1 = Window(allowGUI=False, allowStencil=False, autoLog=True, backendConf=UNKNOWN, backgroundFit=<method-wrapper '__getattribute__' of attributeSetter object at 0x00000187A31010F0>, backgroundImage=<method-wrapper '__getattribute__' of attributeSetter object at 0x00000187A3101090>, bitsMode=UNKNOWN, blendMode='avg', bpc=(8, 8, 8), color=array([0, 0, 0]), colorSpace='rgb', depthBits=8, fullscr=False, gamma=None, gammaErrorPolicy='raise', infoMsg=UNKNOWN, lms=UNKNOWN, monitor=<psychopy.monitors.calibTools.Monitor object at 0x00000187A373D420>, multiSample=False, name='window1', numSamples=2, pos=[560.0, 300.0], screen=0, size=array([800, 600]), stencilBits=0, stereo=False, title='PsychoPy', units='height', useFBO=True, useRetina=False, viewOri=0.0, viewPos=None, viewScale=None, waitBlanking=True, winType='pyglet')
7.0503 	EXP 	window1: backgroundImage = ''
7.0503 	EXP 	window1: backgroundFit = 'none'
7.0595 	DEBUG 	TextBox2 loaded 1 chars with 0 blanks and 1 valid
7.0604 	DEBUG 	TextBox2 loaded 1 chars with 0 blanks and 1 valid
7.0612 	DEBUG 	TextBox2 loaded 1 chars with 0 blanks and 1 valid
7.0622 	DEBUG 	TextBox2 loaded 1 chars with 0 blanks and 1 valid
7.0631 	DEBUG 	TextBox2 loaded 1 chars with 0 blanks and 1 valid
7.0638 	DEBUG 	TextBox2 loaded 1 chars with 0 blanks and 1 valid
7.0646 	DEBUG 	TextBox2 loaded 1 chars with 0 blanks and 1 valid
7.0656 	DEBUG 	TextBox2 loaded 1 chars with 0 blanks and 1 valid
7.0661 	DEBUG 	TextBox2 loaded 1 chars with 0 blanks and 1 valid
7.0666 	DEBUG 	TextBox2 loaded 1 chars with 0 blanks and 1 valid
7.0675 	DEBUG 	TextBox2 loaded 1 chars with 0 blanks and 1 valid
7.0683 	DEBUG 	TextBox2 loaded 1 chars with 0 blanks and 1 valid
7.0690 	DEBUG 	TextBox2 loaded 1 chars with 0 blanks and 1 valid
7.0698 	DEBUG 	TextBox2 loaded 1 chars with 0 blanks and 1 valid
7.0705 	DEBUG 	TextBox2 loaded 1 chars with 0 blanks and 1 valid
7.0713 	DEBUG 	TextBox2 loaded 1 chars with 0 blanks and 1 valid
7.0722 	DEBUG 	TextBox2 loaded 1 chars with 0 blanks and 1 valid
7.0727 	DEBUG 	TextBox2 loaded 1 chars with 0 blanks and 1 valid
7.0733 	DEBUG 	TextBox2 loaded 1 chars with 0 blanks and 1 valid
7.0744 	DEBUG 	TextBox2 loaded 1 chars with 0 blanks and 1 valid
7.0750 	DEBUG 	TextBox2 loaded 1 chars with 0 blanks and 1 valid
7.0754 	DEBUG 	Uploading Texture Font fontname to graphics card
7.0838 	DEBUG 	Upload of Texture Font fontname complete
7.0906 	DEBUG 	TextBox2 loaded 1 chars with 0 blanks and 1 valid
7.0917 	DEBUG 	TextBox2 loaded 1 chars with 0 blanks and 1 valid
7.0927 	DEBUG 	TextBox2 loaded 1 chars with 0 blanks and 1 valid
7.0930 	DEBUG 	Uploading Texture Font fontname to graphics card
7.1043 	DEBUG 	Upload of Texture Font fontname complete
7.1078 	EXP 	window1: Attempting to measure frame rate of screen (0) ...
7.1078 	EXP 	window1: recordFrameIntervals = False
7.3410 	EXP 	window1: recordFrameIntervals = True
7.6102 	EXP 	Screen (0) actual frame rate measured at 58.66Hz
7.6103 	EXP 	window1: recordFrameIntervals = False
7.6275 	DEBUG 	TextBox2 loaded 1 chars with 0 blanks and 1 valid
7.6291 	DEBUG 	TextBox2 loaded 1 chars with 0 blanks and 1 valid
7.6311 	DEBUG 	TextBox2 loaded 1 chars with 0 blanks and 1 valid
7.6330 	DEBUG 	TextBox2 loaded 1 chars with 0 blanks and 1 valid
7.6344 	DEBUG 	TextBox2 loaded 1 chars with 0 blanks and 1 valid
7.6359 	DEBUG 	TextBox2 loaded 1 chars with 0 blanks and 1 valid
7.6367 	DEBUG 	TextBox2 loaded 1 chars with 0 blanks and 1 valid
7.6380 	DEBUG 	TextBox2 loaded 1 chars with 0 blanks and 1 valid
7.6394 	DEBUG 	TextBox2 loaded 1 chars with 0 blanks and 1 valid
7.6409 	DEBUG 	TextBox2 loaded 1 chars with 0 blanks and 1 valid
7.6413 	DEBUG 	Uploading Texture Font fontname to graphics card
7.6419 	DEBUG 	Upload of Texture Font fontname complete
7.6577 	WARNING 	launchHubServer: If using the iohub mouse or eyetracker devices, fullScr should be True.
10.3107 	INFO 	keyboard.Keyboard is using iohub backend.
10.3108 	INFO 	keyboard.Keyboard is using iohub backend.
10.3108 	EXP 	untitled: status = STARTED
10.4733 	EXP 	Created text = TextStim(__class__=<class 'psychopy.visual.text.TextStim'>, alignHoriz=method-wrapper(...), alignText='center', alignVert=method-wrapper(...), anchorHoriz='center', anchorVert='center', antialias=True, autoDraw=False, autoLog=True, bold=False, color=array([1., 1., 1.]), colorSpace='rgb', contrast=1.0, depth=0.0, draggable=False, flipHoriz=False, flipVert=False, font='Open Sans', fontFiles=[], height=0.025, italic=False, languageStyle='LTR', name='text', opacity=1, ori=0.0, pos=array([0., 0.]), rgb=UNKNOWN, text=str(...), units='height', win=Window(...), wrapWidth=1)
10.4829 	EXP 	Created text_2 = TextStim(__class__=<class 'psychopy.visual.text.TextStim'>, alignHoriz=method-wrapper(...), alignText='center', alignVert=method-wrapper(...), anchorHoriz='center', anchorVert='center', antialias=True, autoDraw=False, autoLog=True, bold=False, color=array([1., 1., 1.]), colorSpace='rgb', contrast=1.0, depth=-1.0, draggable=False, flipHoriz=False, flipVert=False, font='Open Sans', fontFiles=[], height=0.05, italic=False, languageStyle='LTR', name='text_2', opacity=1, ori=0.0, pos=array([0., 0.]), rgb=UNKNOWN, text='+', units='height', win=Window(...), wrapWidth=1)
10.4970 	EXP 	Created text_3 = TextStim(__class__=<class 'psychopy.visual.text.TextStim'>, alignHoriz=method-wrapper(...), alignText='center', alignVert=method-wrapper(...), anchorHoriz='center', anchorVert='center', antialias=True, autoDraw=False, autoLog=True, bold=False, color=array([1., 1., 1.]), colorSpace='rgb', contrast=1.0, depth=0.0, draggable=False, flipHoriz=False, flipVert=False, font='Arial', fontFiles=[], height=0.05, italic=False, languageStyle='LTR', name='text_3', opacity=1, ori=0.0, pos=array([0., 0.]), rgb=UNKNOWN, text='end', units='height', win=Window(...), wrapWidth=1)
0.0516 	INFO 	Keyboard events cleared
0.0503 	EXP 	text: autoDraw = True
1.8866 	DATA 	Mouse: Left button down, pos=(153,281)
1.9862 	DATA 	Mouse:  Left button up, pos=(153,281)
2.4342 	DEBUG 	Read csv file with pandas: task.csv
2.4354 	DEBUG 	Clearing unnamed columns from task.csv
2.4367 	EXP 	Imported task.csv as conditions, 90 conditions, 2 params
2.4374 	EXP 	New trial (rep=0, index=0): <Trial 0 (0 in rep 0) data={'ISI_duration': 5.0, 'stim_number': 5, 'thisN': 0, 'thisTrialN': 0, 'thisRepN': 0}>
5.8135 	DATA 	Keypress: space
5.8178 	EXP 	text: autoDraw = False
5.8178 	EXP 	text_2: autoDraw = True
9.9985 	DATA 	Mouse: Left button down, pos=(315,281)
10.0574 	DATA 	Mouse:  Left button up, pos=(315,281)
10.3111 	DATA 	Keypress: escape
10.4254 	EXP 	untitled: status = STOPPED
10.4391 	EXP 	text_2: autoDraw = False
10.4426 	EXP 	untitled: status = STOPPED
10.4624 	INFO 	saved data to 'C:\\Users\\tue.vu_pison\\Desktop\\git\\dataops_tools\\auditory_change_task\\data/261664_untitled_2024-11-12_14h39.59.185.csv'
10.6373 	INFO 	saved data to C:\Users\tue.vu_pison\Desktop\git\dataops_tools\auditory_change_task\data/261664_untitled_2024-11-12_14h39.59.185.psydat
11.4196 	DEBUG 	Saving data for untitled ExperimentHandler
